<?xml version="1.0" encoding="UTF-8"?>
<!-- Generated by org.testng.reporters.JUnitReportReporter -->
<testsuite skipped="0" hostname="IBM846-PC077PRR" name="implementattribute.LogIn" tests="1" failures="0" timestamp="01 May 2018 17:54:13 GMT" time="36.891" errors="0">
  <testcase name="run" time="36.891" classname="implementattribute.LogIn"/>
</testsuite> <!-- implementattribute.LogIn -->
