<?xml version="1.0" encoding="UTF-8"?>
<!-- Generated by org.testng.reporters.JUnitReportReporter -->
<testsuite skipped="0" hostname="IBM846-PC077PRR" name="execution4.DeleteLead" tests="1" failures="0" timestamp="01 May 2018 12:47:53 GMT" time="33.175" errors="0">
  <testcase name="run" time="33.175" classname="execution4.DeleteLead"/>
</testsuite> <!-- execution4.DeleteLead -->
