<?xml version="1.0" encoding="UTF-8"?>
<!-- Generated by org.testng.reporters.JUnitReportReporter -->
<testsuite skipped="0" hostname="IBM846-PC077PRR" name="implementGroups.DuplicateLead" tests="1" failures="0" timestamp="01 May 2018 11:50:39 GMT" time="29.950" errors="0">
  <testcase name="run" time="29.950" classname="implementGroups.DuplicateLead"/>
</testsuite> <!-- implementGroups.DuplicateLead -->
