<?xml version="1.0" encoding="UTF-8"?>
<!-- Generated by org.testng.reporters.JUnitReportReporter -->
<testsuite skipped="0" hostname="IBM846-PC077PRR" name="week6parameterization.Createlead" tests="3" failures="0" timestamp="05 May 2018 15:11:55 GMT" time="70.013" errors="0">
  <testcase name="run" time="27.877" classname="week6parameterization.Createlead"/>
  <testcase name="run" time="21.112" classname="week6parameterization.Createlead"/>
  <testcase name="run" time="21.024" classname="week6parameterization.Createlead"/>
</testsuite> <!-- week6parameterization.Createlead -->
