<?xml version="1.0" encoding="UTF-8"?>
<!-- Generated by org.testng.reporters.JUnitReportReporter -->
<testsuite skipped="0" hostname="IBM846-PC077PRR" name="execution4.createlead" tests="2" failures="0" timestamp="01 May 2018 12:47:53 GMT" time="33.409" errors="0">
  <testcase name="run" time="16.210" classname="execution4.createlead"/>
  <testcase name="run" time="17.199" classname="execution4.createlead"/>
</testsuite> <!-- execution4.createlead -->
