<?xml version="1.0" encoding="UTF-8"?>
<!-- Generated by org.testng.reporters.JUnitReportReporter -->
<testsuite skipped="0" hostname="IBM846-PC077PRR" name="implementGroups.EditLeads" tests="1" failures="0" timestamp="01 May 2018 11:50:39 GMT" time="44.588" errors="0">
  <testcase name="run" time="44.588" classname="implementGroups.EditLeads"/>
</testsuite> <!-- implementGroups.EditLeads -->
