<?xml version="1.0" encoding="UTF-8"?>
<!-- Generated by org.testng.reporters.JUnitReportReporter -->
<testsuite skipped="0" hostname="IBM846-PC077PRR" name="week2day2.EditLeads" tests="1" failures="0" timestamp="28 Apr 2018 17:24:57 GMT" time="100.971" errors="0">
  <testcase name="edit" time="100.971" classname="week2day2.EditLeads"/>
</testsuite> <!-- week2day2.EditLeads -->
