<?xml version="1.0" encoding="UTF-8"?>
<!-- Generated by org.testng.reporters.JUnitReportReporter -->
<testsuite skipped="0" hostname="IBM846-PC077PRR" name="implementGroups.DeleteLead" tests="1" failures="0" timestamp="01 May 2018 11:50:39 GMT" time="31.160" errors="0">
  <testcase name="run" time="31.160" classname="implementGroups.DeleteLead"/>
</testsuite> <!-- implementGroups.DeleteLead -->
