<?xml version="1.0" encoding="UTF-8"?>
<!-- Generated by org.testng.reporters.JUnitReportReporter -->
<testsuite skipped="0" hostname="IBM846-PC077PRR" name="week6parameterization.DeleteLead" tests="1" failures="0" timestamp="05 May 2018 15:11:55 GMT" time="32.912" errors="0">
  <testcase name="run" time="32.912" classname="week6parameterization.DeleteLead"/>
</testsuite> <!-- week6parameterization.DeleteLead -->
