<?xml version="1.0" encoding="UTF-8"?>
<!-- Generated by org.testng.reporters.JUnitReportReporter -->
<testsuite skipped="0" hostname="IBM846-PC077PRR" name="week6parameterization.EditLeads" tests="2" failures="0" timestamp="05 May 2018 15:11:55 GMT" time="79.125" errors="0">
  <testcase name="run" time="39.782" classname="week6parameterization.EditLeads"/>
  <testcase name="run" time="39.343" classname="week6parameterization.EditLeads"/>
</testsuite> <!-- week6parameterization.EditLeads -->
