<?xml version="1.0" encoding="UTF-8"?>
<!-- Generated by org.testng.reporters.JUnitReportReporter -->
<testsuite skipped="0" hostname="IBM846-PC077PRR" name="testcases.EditLeads" tests="1" failures="0" timestamp="01 May 2018 16:00:09 GMT" time="42.729" errors="0">
  <testcase name="run" time="42.729" classname="testcases.EditLeads"/>
</testsuite> <!-- testcases.EditLeads -->
