<?xml version="1.0" encoding="UTF-8"?>
<!-- Generated by org.testng.reporters.JUnitReportReporter -->
<testsuite skipped="0" hostname="IBM846-PC077PRR" name="execution3.LogIn" tests="1" failures="0" timestamp="01 May 2018 12:56:18 GMT" time="22.392" errors="0">
  <testcase name="run" time="22.392" classname="execution3.LogIn"/>
</testsuite> <!-- execution3.LogIn -->
