<?xml version="1.0" encoding="UTF-8"?>
<!-- Generated by org.testng.reporters.JUnitReportReporter -->
<testsuite skipped="0" hostname="IBM846-PC077PRR" name="week2day1.Createlead" tests="1" failures="0" timestamp="13 May 2018 12:54:53 GMT" time="31.007" errors="0">
  <testcase name="run" time="31.007" classname="week2day1.Createlead"/>
</testsuite> <!-- week2day1.Createlead -->
